<?xml version="1.0" encoding="UTF-8"?>
<!-- Generated by org.testng.reporters.JUnitReportReporter -->
<testsuite hostname="DESKTOP-38VUNE4" failures="0" tests="3" name="Tests.HomepageTest" time="0.037" errors="0" timestamp="2025-05-20T11:59:41 PDT" skipped="0">
  <testcase classname="Tests.HomepageTest" name="tc001_verifyregisternow" time="0.004"/>
  <testcase classname="Tests.HomepageTest" name="tc001_verifyfindyourcourse" time="0.027"/>
  <testcase classname="Tests.HomepageTest" name="tc001_verifyspywynlogo" time="0.006"/>
</testsuite> <!-- Tests.HomepageTest -->
